<?xml version="1.0" encoding="UTF-8"?>
<!-- Generated by org.testng.reporters.JUnitReportReporter -->
<testsuite hostname="LAPTOP-MB7DGVQG" failures="0" tests="1" name="com.stc.MyF.FirstTest" time="0.011" errors="0" timestamp="2024-03-23T11:01:27 IST" skipped="0">
  <testcase classname="com.stc.MyF.FirstTest" name="f" time="0.011"/>
  <system-out/>
</testsuite> <!-- com.stc.MyF.FirstTest -->
